2025-10-20 11:52:00,675 ERROR scheduler Skipped queueing frappe.email.doctype.notification.notification.trigger_offset_alerts because it was found in queue for library.localhost
2025-10-20 20:56:00,335 ERROR scheduler Skipped queueing frappe.email.doctype.email_account.email_account.pull because it was found in queue for library.localhost
2025-10-20 20:56:00,380 ERROR scheduler Skipped queueing frappe.email.doctype.email_account.email_account.notify_unreplied because it was found in queue for library.localhost
2025-10-20 20:56:00,381 ERROR scheduler Skipped queueing frappe.desk.utils.delete_old_exported_report_files because it was found in queue for library.localhost
2025-10-20 20:56:00,383 ERROR scheduler Skipped queueing frappe.utils.global_search.sync_global_search because it was found in queue for library.localhost
2025-10-20 20:56:00,384 ERROR scheduler Skipped queueing frappe.search.sqlite_search.build_index_if_not_exists because it was found in queue for library.localhost
2025-10-20 20:56:00,386 ERROR scheduler Skipped queueing frappe.model.utils.link_count.update_link_count because it was found in queue for library.localhost
2025-10-20 20:56:00,387 ERROR scheduler Skipped queueing frappe.automation.doctype.reminder.reminder.send_reminders because it was found in queue for library.localhost
2025-10-20 20:56:00,389 ERROR scheduler Skipped queueing frappe.oauth.delete_oauth2_data because it was found in queue for library.localhost
2025-10-20 20:56:00,390 ERROR scheduler Skipped queueing frappe.email.queue.retry_sending_emails because it was found in queue for library.localhost
2025-10-20 20:56:00,392 ERROR scheduler Skipped queueing frappe.model.utils.user_settings.sync_user_settings because it was found in queue for library.localhost
2025-10-20 20:56:00,394 ERROR scheduler Skipped queueing frappe.integrations.doctype.google_calendar.google_calendar.sync because it was found in queue for library.localhost
2025-10-20 20:56:00,396 ERROR scheduler Skipped queueing frappe.website.doctype.web_page.web_page.check_publish_status because it was found in queue for library.localhost
2025-10-20 20:56:00,400 ERROR scheduler Skipped queueing frappe.desk.form.document_follow.send_hourly_updates because it was found in queue for library.localhost
2025-10-20 20:56:00,402 ERROR scheduler Skipped queueing frappe.twofactor.delete_all_barcodes_for_users because it was found in queue for library.localhost
2025-10-20 20:56:00,404 ERROR scheduler Skipped queueing frappe.email.doctype.notification.notification.trigger_offset_alerts because it was found in queue for library.localhost
2025-10-20 20:56:00,406 ERROR scheduler Skipped queueing frappe.email.queue.flush because it was found in queue for library.localhost
2025-10-20 20:56:00,408 ERROR scheduler Skipped queueing frappe.desk.page.backups.backups.delete_downloadable_backups because it was found in queue for library.localhost
2025-10-20 20:56:00,411 ERROR scheduler Skipped queueing frappe.core.doctype.prepared_report.prepared_report.expire_stalled_report because it was found in queue for library.localhost
2025-10-20 20:56:00,414 ERROR scheduler Skipped queueing frappe.website.doctype.personal_data_deletion_request.personal_data_deletion_request.process_data_deletion_request because it was found in queue for library.localhost
2025-10-21 06:32:00,533 ERROR scheduler Skipped queueing frappe.model.utils.link_count.update_link_count because it was found in queue for library.localhost
2025-10-21 06:32:00,550 ERROR scheduler Skipped queueing frappe.email.doctype.notification.notification.trigger_offset_alerts because it was found in queue for library.localhost
2025-10-22 06:52:00,988 ERROR scheduler Skipped queueing frappe.email.doctype.email_account.email_account.pull because it was found in queue for library.localhost
2025-10-22 09:36:00,909 ERROR scheduler Skipped queueing frappe.monitor.flush because it was found in queue for library.localhost
